вызвана функция hello_world 
дата и время вызова : 19 November 2024  time 22:12:48 
вводные данные:() и {} 
результирующее значение функции hello_world: Hello World
-----------------------------------
вызвана функция summator 
дата и время вызова : 19 November 2024  time 22:12:48 
вводные данные:(2, 2) и {} 
результирующее значение функции summator: 4
-----------------------------------
вызвана функция div 
дата и время вызова : 19 November 2024  time 22:12:48 
вводные данные:(6, 2) и {} 
результирующее значение функции div: 3.0
-----------------------------------
вызвана функция summator 
дата и время вызова : 19 November 2024  time 22:12:48 
вводные данные:(4.3,) и {'b': 2.2} 
результирующее значение функции summator: 6.5
-----------------------------------
вызвана функция hello_world 
дата и время вызова : 19 November 2024  time 22:12:48 
вводные данные:() и {} 
результирующее значение функции hello_world: Hello World
-----------------------------------
вызвана функция summator 
дата и время вызова : 19 November 2024  time 22:12:48 
вводные данные:(2, 2) и {} 
результирующее значение функции summator: 4
-----------------------------------
вызвана функция div 
дата и время вызова : 19 November 2024  time 22:12:48 
вводные данные:(6, 2) и {} 
результирующее значение функции div: 3.0
-----------------------------------
вызвана функция summator 
дата и время вызова : 19 November 2024  time 22:12:48 
вводные данные:(4.3,) и {'b': 2.2} 
результирующее значение функции summator: 6.5
-----------------------------------
вызвана функция hello_world 
дата и время вызова : 19 November 2024  time 22:12:48 
вводные данные:() и {} 
результирующее значение функции hello_world: Hello World
-----------------------------------
вызвана функция summator 
дата и время вызова : 19 November 2024  time 22:12:48 
вводные данные:(2, 2) и {} 
результирующее значение функции summator: 4
-----------------------------------
вызвана функция div 
дата и время вызова : 19 November 2024  time 22:12:48 
вводные данные:(6, 2) и {} 
результирующее значение функции div: 3.0
-----------------------------------
вызвана функция summator 
дата и время вызова : 19 November 2024  time 22:12:48 
вводные данные:(4.3,) и {'b': 2.2} 
результирующее значение функции summator: 6.5
-----------------------------------
